<?xml version="1.0" encoding="UTF-8"?>
<!-- Generated by org.testng.reporters.JUnitXMLReporter -->
<testsuite ignored="0" hostname="Praful" failures="0" tests="7" name="GRP-PIMPage" time="43.597" errors="0" timestamp="2024-06-10T20:58:28 IST">
  <testcase classname="TestLayer.LoginPageTest" name="loginFunctionality" time="6.423"/>
  <testcase classname="TestLayer.HomePageTest" name="validateHomePageTitle" time="0.028"/>
  <testcase classname="TestLayer.HomePageTest" name="validateHomePageUrl" time="0.022"/>
  <testcase classname="TestLayer.HomePageTest" name="validateHomePageLogo" time="0.339"/>
  <testcase classname="TestLayer.PIMPageTest" name="validateUserOnPIMPage" time="6.192"/>
  <testcase classname="TestLayer.PIMPageTest" name="addNewUserInPIMPage" time="15.907"/>
  <testcase classname="TestLayer.PIMPageTest" name="searchUserInPIMPage" time="11.639"/>
</testsuite> <!-- GRP-PIMPage -->
