<?xml version="1.0" encoding="UTF-8"?>
<testng-results ignored="0" total="11" passed="11" failed="0" skipped="0">
  <reporter-output>
  </reporter-output>
  <suite started-at="2024-06-20T00:30:53 IST" name="Cogmento CRM Application" finished-at="2024-06-20T00:31:48 IST" duration-ms="55278">
    <groups>
    </groups>
    <test started-at="2024-06-20T00:30:53 IST" name="Contact Page and Company Page Test cases" finished-at="2024-06-20T00:31:48 IST" duration-ms="55278">
      <class name="TestLayer.HomePageTest">
        <test-method signature="validateHomePageTitle()[pri:1, instance:TestLayer.HomePageTest@1de5f259]" started-at="2024-06-20T00:31:15 IST" name="validateHomePageTitle" finished-at="2024-06-20T00:31:15 IST" duration-ms="60" status="PASS">
          <reporter-output>
          </reporter-output>
        </test-method> <!-- validateHomePageTitle -->
        <test-method signature="validateHomePageUrl()[pri:2, instance:TestLayer.HomePageTest@1de5f259]" started-at="2024-06-20T00:31:15 IST" name="validateHomePageUrl" finished-at="2024-06-20T00:31:15 IST" duration-ms="11" status="PASS">
          <reporter-output>
          </reporter-output>
        </test-method> <!-- validateHomePageUrl -->
        <test-method signature="validateHomePageLogo()[pri:3, instance:TestLayer.HomePageTest@1de5f259]" started-at="2024-06-20T00:31:16 IST" name="validateHomePageLogo" finished-at="2024-06-20T00:31:18 IST" duration-ms="2186" status="PASS">
          <reporter-output>
          </reporter-output>
        </test-method> <!-- validateHomePageLogo -->
      </class> <!-- TestLayer.HomePageTest -->
      <class name="TestLayer.ContactPageTest">
        <test-method signature="validateUserOnContactPage()[pri:1, instance:TestLayer.ContactPageTest@729d991e]" started-at="2024-06-20T00:31:19 IST" name="validateUserOnContactPage" finished-at="2024-06-20T00:31:21 IST" duration-ms="2718" status="PASS">
          <reporter-output>
          </reporter-output>
        </test-method> <!-- validateUserOnContactPage -->
        <test-method signature="validateCreateNewContact()[pri:2, instance:TestLayer.ContactPageTest@729d991e]" started-at="2024-06-20T00:31:22 IST" name="validateCreateNewContact" finished-at="2024-06-20T00:31:25 IST" duration-ms="3435" status="PASS">
          <reporter-output>
          </reporter-output>
        </test-method> <!-- validateCreateNewContact -->
        <test-method signature="validateDeleteContact()[pri:3, instance:TestLayer.ContactPageTest@729d991e]" started-at="2024-06-20T00:31:26 IST" name="validateDeleteContact" finished-at="2024-06-20T00:31:27 IST" duration-ms="1743" status="PASS">
          <reporter-output>
          </reporter-output>
        </test-method> <!-- validateDeleteContact -->
      </class> <!-- TestLayer.ContactPageTest -->
      <class name="TestLayer.LoginPageTest">
        <test-method is-config="true" signature="setUp()[pri:0, instance:TestLayer.LoginPageTest@194bcebf]" started-at="2024-06-20T00:30:54 IST" name="setUp" finished-at="2024-06-20T00:31:13 IST" duration-ms="19153" status="PASS">
          <reporter-output>
          </reporter-output>
        </test-method> <!-- setUp -->
        <test-method signature="validateLoginFunctionality()[pri:0, instance:TestLayer.LoginPageTest@194bcebf]" started-at="2024-06-20T00:31:13 IST" name="validateLoginFunctionality" finished-at="2024-06-20T00:31:15 IST" duration-ms="1863" status="PASS">
          <reporter-output>
          </reporter-output>
        </test-method> <!-- validateLoginFunctionality -->
      </class> <!-- TestLayer.LoginPageTest -->
      <class name="TestLayer.CompanyPageTest">
        <test-method signature="validateUserOnCompanyPage()[pri:1, instance:TestLayer.CompanyPageTest@32502377]" started-at="2024-06-20T00:31:28 IST" name="validateUserOnCompanyPage" finished-at="2024-06-20T00:31:36 IST" duration-ms="8424" status="PASS">
          <reporter-output>
          </reporter-output>
        </test-method> <!-- validateUserOnCompanyPage -->
        <test-method signature="validateNewCompanyFunctionality()[pri:2, instance:TestLayer.CompanyPageTest@32502377]" started-at="2024-06-20T00:31:37 IST" name="validateNewCompanyFunctionality" finished-at="2024-06-20T00:31:42 IST" duration-ms="5212" status="PASS">
          <reporter-output>
          </reporter-output>
        </test-method> <!-- validateNewCompanyFunctionality -->
        <test-method signature="validateDeleteCompanyFunctionality()[pri:3, instance:TestLayer.CompanyPageTest@32502377]" started-at="2024-06-20T00:31:42 IST" name="validateDeleteCompanyFunctionality" finished-at="2024-06-20T00:31:43 IST" duration-ms="1323" status="PASS">
          <reporter-output>
          </reporter-output>
        </test-method> <!-- validateDeleteCompanyFunctionality -->
        <test-method signature="validateLogout()[pri:4, instance:TestLayer.CompanyPageTest@32502377]" started-at="2024-06-20T00:31:44 IST" name="validateLogout" finished-at="2024-06-20T00:31:48 IST" duration-ms="4289" status="PASS">
          <reporter-output>
          </reporter-output>
        </test-method> <!-- validateLogout -->
      </class> <!-- TestLayer.CompanyPageTest -->
    </test> <!-- Contact Page and Company Page Test cases -->
  </suite> <!-- Cogmento CRM Application -->
</testng-results>
