<?xml version="1.0" encoding="UTF-8"?>
<testng-results ignored="0" total="13" passed="13" failed="0" skipped="0">
  <reporter-output>
  </reporter-output>
  <suite started-at="2024-06-21T09:13:43 IST" name="Surefire suite" finished-at="2024-06-21T09:16:15 IST" duration-ms="152922">
    <groups>
      <group name="AdminPage">
        <method signature="AdminPageTest.validateCaptureCurrentUrl()[pri:1, instance:TestLayer.AdminPageTest@4034c28c]" name="validateCaptureCurrentUrl" class="TestLayer.AdminPageTest"/>
        <method signature="AdminPageTest.validateLogoutFunctionality()[pri:2, instance:TestLayer.AdminPageTest@4034c28c]" name="validateLogoutFunctionality" class="TestLayer.AdminPageTest"/>
      </group> <!-- AdminPage -->
      <group name="HomePage">
        <method signature="HomePageTest.validateHomePageLogo()[pri:3, instance:TestLayer.HomePageTest@143640d5]" name="validateHomePageLogo" class="TestLayer.HomePageTest"/>
        <method signature="HomePageTest.validateHomePageTitle()[pri:1, instance:TestLayer.HomePageTest@143640d5]" name="validateHomePageTitle" class="TestLayer.HomePageTest"/>
        <method signature="HomePageTest.validateHomePageUrl()[pri:2, instance:TestLayer.HomePageTest@143640d5]" name="validateHomePageUrl" class="TestLayer.HomePageTest"/>
      </group> <!-- HomePage -->
      <group name="PimPage">
        <method signature="PimPageTest.validatePimPageFunctionality(java.lang.String,java.lang.String,java.lang.String,java.lang.String,java.lang.String)[pri:2, instance:TestLayer.PimPageTest@501edcf1]" name="validatePimPageFunctionality" class="TestLayer.PimPageTest"/>
        <method signature="PimPageTest.validatePimUrl()[pri:1, instance:TestLayer.PimPageTest@501edcf1]" name="validatePimUrl" class="TestLayer.PimPageTest"/>
      </group> <!-- PimPage -->
      <group name="LoginPage">
        <method signature="LoginPageTest.validateLoginFunctionality()[pri:0, instance:TestLayer.LoginPageTest@1198b989]" name="validateLoginFunctionality" class="TestLayer.LoginPageTest"/>
      </group> <!-- LoginPage -->
      <group name="endToEndAdminTest">
        <method signature="LoginPageTest.validateLoginFunctionality()[pri:0, instance:TestLayer.LoginPageTest@1198b989]" name="validateLoginFunctionality" class="TestLayer.LoginPageTest"/>
        <method signature="HomePageTest.validateHomePageLogo()[pri:3, instance:TestLayer.HomePageTest@143640d5]" name="validateHomePageLogo" class="TestLayer.HomePageTest"/>
        <method signature="HomePageTest.validateHomePageTitle()[pri:1, instance:TestLayer.HomePageTest@143640d5]" name="validateHomePageTitle" class="TestLayer.HomePageTest"/>
        <method signature="HomePageTest.validateHomePageUrl()[pri:2, instance:TestLayer.HomePageTest@143640d5]" name="validateHomePageUrl" class="TestLayer.HomePageTest"/>
        <method signature="PimPageTest.validatePimPageFunctionality(java.lang.String,java.lang.String,java.lang.String,java.lang.String,java.lang.String)[pri:2, instance:TestLayer.PimPageTest@501edcf1]" name="validatePimPageFunctionality" class="TestLayer.PimPageTest"/>
        <method signature="PimPageTest.validatePimUrl()[pri:1, instance:TestLayer.PimPageTest@501edcf1]" name="validatePimUrl" class="TestLayer.PimPageTest"/>
        <method signature="AdminPageTest.validateCaptureCurrentUrl()[pri:1, instance:TestLayer.AdminPageTest@4034c28c]" name="validateCaptureCurrentUrl" class="TestLayer.AdminPageTest"/>
        <method signature="AdminPageTest.validateLogoutFunctionality()[pri:2, instance:TestLayer.AdminPageTest@4034c28c]" name="validateLogoutFunctionality" class="TestLayer.AdminPageTest"/>
      </group> <!-- endToEndAdminTest -->
    </groups>
    <test started-at="2024-06-21T09:13:43 IST" name="Surefire test" finished-at="2024-06-21T09:16:15 IST" duration-ms="152922">
      <class name="TestLayer.HomePageTest">
        <test-method signature="validateHomePageTitle()[pri:1, instance:TestLayer.HomePageTest@143640d5]" started-at="2024-06-21T09:13:53 IST" name="validateHomePageTitle" depends-on-groups="LoginPage" finished-at="2024-06-21T09:13:54 IST" duration-ms="1015" status="PASS">
          <reporter-output>
          </reporter-output>
        </test-method> <!-- validateHomePageTitle -->
        <test-method signature="validateHomePageUrl()[pri:2, instance:TestLayer.HomePageTest@143640d5]" started-at="2024-06-21T09:13:54 IST" name="validateHomePageUrl" depends-on-groups="LoginPage" finished-at="2024-06-21T09:13:54 IST" duration-ms="7" status="PASS">
          <reporter-output>
          </reporter-output>
        </test-method> <!-- validateHomePageUrl -->
        <test-method signature="validateHomePageLogo()[pri:3, instance:TestLayer.HomePageTest@143640d5]" started-at="2024-06-21T09:13:54 IST" name="validateHomePageLogo" depends-on-groups="LoginPage" finished-at="2024-06-21T09:13:54 IST" duration-ms="374" status="PASS">
          <reporter-output>
          </reporter-output>
        </test-method> <!-- validateHomePageLogo -->
      </class> <!-- TestLayer.HomePageTest -->
      <class name="TestLayer.LoginPageTest">
        <test-method is-config="true" signature="setUp()[pri:0, instance:TestLayer.LoginPageTest@1198b989]" started-at="2024-06-21T09:13:43 IST" name="setUp" finished-at="2024-06-21T09:13:52 IST" duration-ms="9618" status="PASS">
          <reporter-output>
          </reporter-output>
        </test-method> <!-- setUp -->
        <test-method signature="validateLoginFunctionality()[pri:0, instance:TestLayer.LoginPageTest@1198b989]" started-at="2024-06-21T09:13:52 IST" name="validateLoginFunctionality" finished-at="2024-06-21T09:13:53 IST" duration-ms="869" status="PASS">
          <reporter-output>
          </reporter-output>
        </test-method> <!-- validateLoginFunctionality -->
        <test-method is-config="true" signature="tearDown()[pri:0, instance:TestLayer.LoginPageTest@1198b989]" started-at="2024-06-21T09:16:15 IST" name="tearDown" finished-at="2024-06-21T09:16:15 IST" duration-ms="1" status="PASS">
          <reporter-output>
          </reporter-output>
        </test-method> <!-- tearDown -->
      </class> <!-- TestLayer.LoginPageTest -->
      <class name="TestLayer.AdminPageTest">
        <test-method signature="validateCaptureCurrentUrl()[pri:1, instance:TestLayer.AdminPageTest@4034c28c]" started-at="2024-06-21T09:16:13 IST" name="validateCaptureCurrentUrl" depends-on-groups="PimPage" finished-at="2024-06-21T09:16:14 IST" duration-ms="879" status="PASS">
          <reporter-output>
          </reporter-output>
        </test-method> <!-- validateCaptureCurrentUrl -->
        <test-method signature="validateLogoutFunctionality()[pri:2, instance:TestLayer.AdminPageTest@4034c28c]" started-at="2024-06-21T09:16:14 IST" name="validateLogoutFunctionality" depends-on-groups="PimPage" finished-at="2024-06-21T09:16:15 IST" duration-ms="1896" status="PASS">
          <reporter-output>
          </reporter-output>
        </test-method> <!-- validateLogoutFunctionality -->
      </class> <!-- TestLayer.AdminPageTest -->
      <class name="TestLayer.PimPageTest">
        <test-method signature="validatePimUrl()[pri:1, instance:TestLayer.PimPageTest@501edcf1]" started-at="2024-06-21T09:13:54 IST" name="validatePimUrl" depends-on-groups="HomePage" finished-at="2024-06-21T09:13:56 IST" duration-ms="1286" status="PASS">
          <reporter-output>
          </reporter-output>
        </test-method> <!-- validatePimUrl -->
        <test-method signature="validatePimPageFunctionality(java.lang.String,java.lang.String,java.lang.String,java.lang.String,java.lang.String)[pri:2, instance:TestLayer.PimPageTest@501edcf1]" started-at="2024-06-21T09:13:56 IST" name="validatePimPageFunctionality" data-provider="orangeHrmTestData" depends-on-groups="HomePage" finished-at="2024-06-21T09:14:20 IST" duration-ms="23454" status="PASS">
          <params>
            <param index="0">
              <value>
                <![CDATA[Sonali]]>
              </value>
            </param>
            <param index="1">
              <value>
                <![CDATA[Ramesh]]>
              </value>
            </param>
            <param index="2">
              <value>
                <![CDATA[Kale]]>
              </value>
            </param>
            <param index="3">
              <value>
                <![CDATA[Indian]]>
              </value>
            </param>
            <param index="4">
              <value>
                <![CDATA[Female]]>
              </value>
            </param>
          </params>
          <reporter-output>
          </reporter-output>
        </test-method> <!-- validatePimPageFunctionality -->
        <test-method signature="validatePimPageFunctionality(java.lang.String,java.lang.String,java.lang.String,java.lang.String,java.lang.String)[pri:2, instance:TestLayer.PimPageTest@501edcf1]" started-at="2024-06-21T09:14:20 IST" name="validatePimPageFunctionality" data-provider="orangeHrmTestData" depends-on-groups="HomePage" finished-at="2024-06-21T09:14:42 IST" duration-ms="22073" status="PASS">
          <params>
            <param index="0">
              <value>
                <![CDATA[Dipali]]>
              </value>
            </param>
            <param index="1">
              <value>
                <![CDATA[pqr]]>
              </value>
            </param>
            <param index="2">
              <value>
                <![CDATA[Joshi]]>
              </value>
            </param>
            <param index="3">
              <value>
                <![CDATA[American]]>
              </value>
            </param>
            <param index="4">
              <value>
                <![CDATA[Female]]>
              </value>
            </param>
          </params>
          <reporter-output>
          </reporter-output>
        </test-method> <!-- validatePimPageFunctionality -->
        <test-method signature="validatePimPageFunctionality(java.lang.String,java.lang.String,java.lang.String,java.lang.String,java.lang.String)[pri:2, instance:TestLayer.PimPageTest@501edcf1]" started-at="2024-06-21T09:14:42 IST" name="validatePimPageFunctionality" data-provider="orangeHrmTestData" depends-on-groups="HomePage" finished-at="2024-06-21T09:15:04 IST" duration-ms="22238" status="PASS">
          <params>
            <param index="0">
              <value>
                <![CDATA[Suraj]]>
              </value>
            </param>
            <param index="1">
              <value>
                <![CDATA[rrr]]>
              </value>
            </param>
            <param index="2">
              <value>
                <![CDATA[Shinde]]>
              </value>
            </param>
            <param index="3">
              <value>
                <![CDATA[British]]>
              </value>
            </param>
            <param index="4">
              <value>
                <![CDATA[Male]]>
              </value>
            </param>
          </params>
          <reporter-output>
          </reporter-output>
        </test-method> <!-- validatePimPageFunctionality -->
        <test-method signature="validatePimPageFunctionality(java.lang.String,java.lang.String,java.lang.String,java.lang.String,java.lang.String)[pri:2, instance:TestLayer.PimPageTest@501edcf1]" started-at="2024-06-21T09:15:04 IST" name="validatePimPageFunctionality" data-provider="orangeHrmTestData" depends-on-groups="HomePage" finished-at="2024-06-21T09:15:27 IST" duration-ms="22760" status="PASS">
          <params>
            <param index="0">
              <value>
                <![CDATA[Ganesh]]>
              </value>
            </param>
            <param index="1">
              <value>
                <![CDATA[ggg]]>
              </value>
            </param>
            <param index="2">
              <value>
                <![CDATA[Jagtap]]>
              </value>
            </param>
            <param index="3">
              <value>
                <![CDATA[Irish]]>
              </value>
            </param>
            <param index="4">
              <value>
                <![CDATA[Male]]>
              </value>
            </param>
          </params>
          <reporter-output>
          </reporter-output>
        </test-method> <!-- validatePimPageFunctionality -->
        <test-method signature="validatePimPageFunctionality(java.lang.String,java.lang.String,java.lang.String,java.lang.String,java.lang.String)[pri:2, instance:TestLayer.PimPageTest@501edcf1]" started-at="2024-06-21T09:15:27 IST" name="validatePimPageFunctionality" data-provider="orangeHrmTestData" depends-on-groups="HomePage" finished-at="2024-06-21T09:15:50 IST" duration-ms="22852" status="PASS">
          <params>
            <param index="0">
              <value>
                <![CDATA[Rupali]]>
              </value>
            </param>
            <param index="1">
              <value>
                <![CDATA[nnn]]>
              </value>
            </param>
            <param index="2">
              <value>
                <![CDATA[Wable]]>
              </value>
            </param>
            <param index="3">
              <value>
                <![CDATA[Dutch]]>
              </value>
            </param>
            <param index="4">
              <value>
                <![CDATA[Female]]>
              </value>
            </param>
          </params>
          <reporter-output>
          </reporter-output>
        </test-method> <!-- validatePimPageFunctionality -->
        <test-method signature="validatePimPageFunctionality(java.lang.String,java.lang.String,java.lang.String,java.lang.String,java.lang.String)[pri:2, instance:TestLayer.PimPageTest@501edcf1]" started-at="2024-06-21T09:15:50 IST" name="validatePimPageFunctionality" data-provider="orangeHrmTestData" depends-on-groups="HomePage" finished-at="2024-06-21T09:16:13 IST" duration-ms="22809" status="PASS">
          <params>
            <param index="0">
              <value>
                <![CDATA[Vaishali]]>
              </value>
            </param>
            <param index="1">
              <value>
                <![CDATA[new]]>
              </value>
            </param>
            <param index="2">
              <value>
                <![CDATA[Kale]]>
              </value>
            </param>
            <param index="3">
              <value>
                <![CDATA[Greek]]>
              </value>
            </param>
            <param index="4">
              <value>
                <![CDATA[Female]]>
              </value>
            </param>
          </params>
          <reporter-output>
          </reporter-output>
        </test-method> <!-- validatePimPageFunctionality -->
      </class> <!-- TestLayer.PimPageTest -->
    </test> <!-- Surefire test -->
  </suite> <!-- Surefire suite -->
</testng-results>
