<?xml version="1.0" encoding="UTF-8"?>
<testsuite xmlns:xsi="http://www.w3.org/2001/XMLSchema-instance" xsi:noNamespaceSchemaLocation="https://maven.apache.org/surefire/maven-surefire-plugin/xsd/surefire-test-report-3.0.xsd" version="3.0" name="TestSuite" time="153.404" tests="13" errors="0" skipped="0" failures="0">
  <properties>
[...]
</properties>
  <testcase name="validateLoginFunctionality" classname="TestLayer.LoginPageTest" time="0.87">
    <system-err><![CDATA[Jun 21, 2024 9:13:46 AM org.openqa.selenium.devtools.CdpVersionFinder findNearestMatch
WARNING: Unable to find CDP implementation matching 126
Jun 21, 2024 9:13:46 AM org.openqa.selenium.chromium.ChromiumDriver lambda$new$5
WARNING: Unable to find version of CDP to use for 126.0.6478.63. You may need to include a dependency on a specific version of the CDP using something similar to `org.seleniumhq.selenium:selenium-devtools-v86:4.16.1` where the version ("v86") matches the version of the chromium-based browser you're using and the version number of the artifact is the same as Selenium's.
]]></system-err>
  </testcase>
  <testcase name="validateHomePageTitle" classname="TestLayer.HomePageTest" time="1.014"/>
  <testcase name="validateHomePageUrl" classname="TestLayer.HomePageTest" time="0.007"/>
  <testcase name="validateHomePageLogo" classname="TestLayer.HomePageTest" time="0.374"/>
  <testcase name="validatePimUrl" classname="TestLayer.PimPageTest" time="1.287"/>
  <testcase name="validatePimPageFunctionality[Sonali, Ramesh, Kale, Indian, Female](1)" classname="TestLayer.PimPageTest" time="23.455">
    <system-out><![CDATA[0406
]]></system-out>
  </testcase>
  <testcase name="validatePimPageFunctionality[Dipali, pqr, Joshi, American, Female](2)" classname="TestLayer.PimPageTest" time="22.073">
    <system-out><![CDATA[0407
]]></system-out>
  </testcase>
  <testcase name="validatePimPageFunctionality[Suraj, rrr, Shinde, British, Male](3)" classname="TestLayer.PimPageTest" time="22.238">
    <system-out><![CDATA[0408
]]></system-out>
  </testcase>
  <testcase name="validatePimPageFunctionality[Ganesh, ggg, Jagtap, Irish, Male](4)" classname="TestLayer.PimPageTest" time="22.759">
    <system-out><![CDATA[0409
]]></system-out>
  </testcase>
  <testcase name="validatePimPageFunctionality[Rupali, nnn, Wable, Dutch, Female](5)" classname="TestLayer.PimPageTest" time="22.851">
    <system-out><![CDATA[0410
]]></system-out>
  </testcase>
  <testcase name="validatePimPageFunctionality[Vaishali, new, Kale, Greek, Female](6)" classname="TestLayer.PimPageTest" time="22.81">
    <system-out><![CDATA[0411
]]></system-out>
  </testcase>
  <testcase name="validateCaptureCurrentUrl" classname="TestLayer.AdminPageTest" time="0.879"/>
  <testcase name="validateLogoutFunctionality" classname="TestLayer.AdminPageTest" time="1.897"/>
</testsuite>