<?xml version="1.0" encoding="UTF-8"?>
<!-- Generated by org.testng.reporters.JUnitXMLReporter -->
<testsuite ignored="0" hostname="Praful" failures="0" tests="11" name="Test" time="30.229" errors="0" timestamp="2024-06-18T20:31:15 IST">
  <testcase classname="TestLayer.LoginPageTest" name="validateLoginFunctionality" time="0.635"/>
  <testcase classname="TestLayer.HomePageTest" name="validateHomePageTitle" time="0.021"/>
  <testcase classname="TestLayer.HomePageTest" name="validateHomePageUrl" time="0.007"/>
  <testcase classname="TestLayer.HomePageTest" name="validateHomePageLogo" time="2.124"/>
  <testcase classname="TestLayer.ContactPageTest" name="validateUserOnContactPage" time="0.145"/>
  <testcase classname="TestLayer.ContactPageTest" name="validateCreateNewContact" time="2.268"/>
  <testcase classname="TestLayer.ContactPageTest" name="validateDeleteContact" time="1.854"/>
  <testcase classname="TestLayer.CompanyPageTest" name="validateUserOnCompanyPage" time="8.142"/>
  <testcase classname="TestLayer.CompanyPageTest" name="validateNewCompanyFunctionality" time="2.323"/>
  <testcase classname="TestLayer.CompanyPageTest" name="validateDeleteCompanyFunctionality" time="1.288"/>
  <testcase classname="TestLayer.CompanyPageTest" name="validateLogout" time="4.177"/>
</testsuite> <!-- Test -->
