<?xml version="1.0" encoding="UTF-8"?>
<!-- Generated by org.testng.reporters.JUnitXMLReporter -->
<testsuite ignored="0" hostname="LAPTOP-NLK7MN5D" failures="0" tests="8" name="End To End" time="8.111" errors="0" timestamp="2024-06-20T16:41:08 IST">
  <testcase classname="TestLayer.LoginPageTest" name="validateLoginFunctionality" time="3.306"/>
  <testcase classname="TestLayer.AddToCartPageTest" name="validateHomePageTitle" time="0.007"/>
  <testcase classname="TestLayer.AddToCartPageTest" name="validateHomePageURL" time="0.006"/>
  <testcase classname="TestLayer.AddToCartPageTest" name="validateAddToCartFunctionality" time="0.421"/>
  <testcase classname="TestLayer.AddPersonalInformationPageTest" name="validatecheckoutPage" time="0.004"/>
  <testcase classname="TestLayer.AddPersonalInformationPageTest" name="addPersonalInformation" time="0.327"/>
  <testcase classname="TestLayer.OrderSuccessPageTest" name="validateSuccessMessage" time="0.019"/>
  <testcase classname="TestLayer.OrderSuccessPageTest" name="validateLogOutFunctionality" time="0.747"/>
</testsuite> <!-- End To End -->
