<?xml version="1.0" encoding="UTF-8"?>
<testsuite xmlns:xsi="http://www.w3.org/2001/XMLSchema-instance" xsi:noNamespaceSchemaLocation="https://maven.apache.org/surefire/maven-surefire-plugin/xsd/surefire-test-report-3.0.xsd" version="3.0" name="TestRunner.RunnerTest" time="3.295" tests="8" errors="0" skipped="0" failures="0">
  <properties>
[...]
</properties>
  <testcase name="Create New Employee using POST Request" classname="Test All Employees APIs" time="2.539"/>
  <testcase name="Retrieve the Created new Entity using GET Request #1" classname="Test All Employees APIs" time="0.071"/>
  <testcase name="Update whole Entity using PUT Request" classname="Test All Employees APIs" time="0.039"/>
  <testcase name="Retrieve the Created new Entity using GET Request #2" classname="Test All Employees APIs" time="0.023"/>
  <testcase name="Update partial Entity using PATCH Request" classname="Test All Employees APIs" time="0.03"/>
  <testcase name="Retrieve the Created new Entity using GET Request #3" classname="Test All Employees APIs" time="0.02"/>
  <testcase name="Delete Entity using DELETE Request" classname="Test All Employees APIs" time="0.028"/>
  <testcase name="Retrieve the Created new Entity using GET Request #4" classname="Test All Employees APIs" time="0.014"/>
</testsuite>