<?xml version="1.0" encoding="UTF-8"?>
<testng-results ignored="0" total="1" passed="1" failed="0" skipped="0">
  <reporter-output>
  </reporter-output>
  <suite started-at="2024-06-29T08:50:09 IST" name="Default suite" finished-at="2024-06-29T08:50:14 IST" duration-ms="5366">
    <groups>
    </groups>
    <test started-at="2024-06-29T08:50:09 IST" name="Default test" finished-at="2024-06-29T08:50:14 IST" duration-ms="5366">
      <class name="TestLayer.Demo1">
        <test-method signature="fbTest()[pri:0, instance:TestLayer.Demo1@1817d444]" started-at="2024-06-29T08:50:09 IST" name="fbTest" finished-at="2024-06-29T08:50:14 IST" duration-ms="5317" status="PASS">
          <reporter-output>
          </reporter-output>
        </test-method> <!-- fbTest -->
      </class> <!-- TestLayer.Demo1 -->
    </test> <!-- Default test -->
  </suite> <!-- Default suite -->
</testng-results>
