<?xml version="1.0" encoding="UTF-8"?>
<testng-results ignored="0" total="1" passed="1" failed="0" skipped="0">
  <reporter-output>
  </reporter-output>
  <suite started-at="2024-07-01T17:11:44 IST" name="Suite" finished-at="2024-07-01T17:11:55 IST" duration-ms="10229">
    <groups>
      <group name="cucumber">
        <method signature="AbstractTestNGCucumberTests.runScenario(io.cucumber.testng.PickleWrapper,io.cucumber.testng.FeatureWrapper)[pri:0, instance:TestRunner.RunnerTest@5bd03f44]" name="runScenario" class="io.cucumber.testng.AbstractTestNGCucumberTests"/>
      </group> <!-- cucumber -->
    </groups>
    <test started-at="2024-07-01T17:11:44 IST" name="Test" finished-at="2024-07-01T17:11:55 IST" duration-ms="10229">
      <class name="TestRunner.RunnerTest">
        <test-method is-config="true" signature="setUpClass()[pri:0, instance:TestRunner.RunnerTest@5bd03f44]" started-at="2024-07-01T17:11:44 IST" name="setUpClass" finished-at="2024-07-01T17:11:45 IST" duration-ms="215" status="PASS">
          <reporter-output>
          </reporter-output>
        </test-method> <!-- setUpClass -->
        <test-method signature="runScenario(io.cucumber.testng.PickleWrapper,io.cucumber.testng.FeatureWrapper)[pri:0, instance:TestRunner.RunnerTest@5bd03f44]" started-at="2024-07-01T17:11:45 IST" name="runScenario" description="Runs Cucumber Scenarios" data-provider="scenarios" finished-at="2024-07-01T17:11:55 IST" duration-ms="9970" status="PASS">
          <params>
            <param index="0">
              <value>
                <![CDATA["Validate registration functionality"]]>
              </value>
            </param>
            <param index="1">
              <value>
                <![CDATA["Optional[Test Government India Application]"]]>
              </value>
            </param>
          </params>
          <reporter-output>
          </reporter-output>
        </test-method> <!-- runScenario -->
        <test-method is-config="true" signature="tearDownClass()[pri:0, instance:TestRunner.RunnerTest@5bd03f44]" started-at="2024-07-01T17:11:55 IST" name="tearDownClass" finished-at="2024-07-01T17:11:55 IST" duration-ms="13" status="PASS">
          <reporter-output>
          </reporter-output>
        </test-method> <!-- tearDownClass -->
      </class> <!-- TestRunner.RunnerTest -->
    </test> <!-- Test -->
  </suite> <!-- Suite -->
</testng-results>
