<?xml version="1.0" encoding="UTF-8"?>
<testng-results ignored="0" total="1" passed="1" failed="0" skipped="0">
  <reporter-output>
  </reporter-output>
  <suite started-at="2024-06-29T09:39:35 IST" name="Suite" finished-at="2024-06-29T09:39:38 IST" duration-ms="2426">
    <groups>
    </groups>
    <test started-at="2024-06-29T09:39:35 IST" name="Test" finished-at="2024-06-29T09:39:38 IST" duration-ms="2426">
      <class name="TestLayer.Demo1">
        <test-method signature="fbTest()[pri:0, instance:TestLayer.Demo1@3901d134]" started-at="2024-06-29T09:39:35 IST" name="fbTest" finished-at="2024-06-29T09:39:38 IST" duration-ms="2403" status="PASS">
          <reporter-output>
          </reporter-output>
        </test-method> <!-- fbTest -->
      </class> <!-- TestLayer.Demo1 -->
    </test> <!-- Test -->
  </suite> <!-- Suite -->
</testng-results>
