<?xml version="1.0" encoding="UTF-8"?>
<!-- Generated by org.testng.reporters.JUnitXMLReporter -->
<testsuite ignored="0" hostname="LAPTOP-DB54UFPV" failures="0" tests="13" name="Surefire test" time="152.922" errors="0" timestamp="2024-06-21T09:16:15 IST">
  <testcase classname="TestLayer.LoginPageTest" name="validateLoginFunctionality" time="0.869"/>
  <testcase classname="TestLayer.HomePageTest" name="validateHomePageTitle" time="1.015"/>
  <testcase classname="TestLayer.HomePageTest" name="validateHomePageUrl" time="0.007"/>
  <testcase classname="TestLayer.HomePageTest" name="validateHomePageLogo" time="0.374"/>
  <testcase classname="TestLayer.PimPageTest" name="validatePimUrl" time="1.286"/>
  <testcase classname="TestLayer.PimPageTest" name="validatePimPageFunctionality" time="23.454"/>
  <testcase classname="TestLayer.PimPageTest" name="validatePimPageFunctionality" time="22.073"/>
  <testcase classname="TestLayer.PimPageTest" name="validatePimPageFunctionality" time="22.238"/>
  <testcase classname="TestLayer.PimPageTest" name="validatePimPageFunctionality" time="22.76"/>
  <testcase classname="TestLayer.PimPageTest" name="validatePimPageFunctionality" time="22.852"/>
  <testcase classname="TestLayer.PimPageTest" name="validatePimPageFunctionality" time="22.809"/>
  <testcase classname="TestLayer.AdminPageTest" name="validateCaptureCurrentUrl" time="0.879"/>
  <testcase classname="TestLayer.AdminPageTest" name="validateLogoutFunctionality" time="1.896"/>
</testsuite> <!-- Surefire test -->
