<?xml version="1.0" encoding="UTF-8"?>
<!-- Generated by org.testng.reporters.JUnitXMLReporter -->
<testsuite ignored="0" hostname="DESKTOP-E8Q152A" failures="0" tests="4" name="Default test" time="77.203" errors="0" timestamp="2024-06-04T12:01:04 IST">
  <testcase classname="TestLayer.InsuranceSignUpAndLoginTest" name="signUpFunctionalityTest" time="15.743"/>
  <testcase classname="TestLayer.InsuranceSignUpAndLoginTest" name="validateLoginFunctionalityTest" time="15.58"/>
  <testcase classname="TestLayer.InsuranceSignUpAndLoginTest" name="validateProfileFunctionality" time="0.158"/>
  <testcase classname="TestLayer.InsuranceSignUpAndLoginTest" name="validateLogoutFunctionality" time="2.952"/>
</testsuite> <!-- Default test -->
