<?xml version="1.0" encoding="UTF-8"?>
<testng-results ignored="0" total="1" passed="1" failed="0" skipped="0">
  <reporter-output>
  </reporter-output>
  <suite started-at="2024-06-20T09:05:35 IST" name="DigitalLockerApplication" finished-at="2024-06-20T09:05:44 IST" duration-ms="9222">
    <groups>
    </groups>
    <test started-at="2024-06-20T09:05:35 IST" name="Test" finished-at="2024-06-20T09:05:44 IST" duration-ms="9222">
      <class name="TestLayer.SignUpPageTest">
        <test-method is-config="true" signature="setUp()[pri:0, instance:TestLayer.SignUpPageTest@4310d43]" started-at="2024-06-20T09:05:35 IST" name="setUp" finished-at="2024-06-20T09:05:40 IST" duration-ms="4904" status="PASS">
          <reporter-output>
          </reporter-output>
        </test-method> <!-- setUp -->
        <test-method signature="validateSignUpFunctionality(java.lang.String,java.lang.String,java.lang.String,java.lang.String,java.lang.String,java.lang.String,java.lang.String,java.lang.String)[pri:0, instance:TestLayer.SignUpPageTest@4310d43]" started-at="2024-06-20T09:05:41 IST" name="validateSignUpFunctionality" data-provider="digilockerTestData" finished-at="2024-06-20T09:05:43 IST" duration-ms="1879" status="PASS">
          <params>
            <param index="0">
              <value>
                <![CDATA[Dipali Kulkarni]]>
              </value>
            </param>
            <param index="1">
              <value>
                <![CDATA[11]]>
              </value>
            </param>
            <param index="2">
              <value>
                <![CDATA[6]]>
              </value>
            </param>
            <param index="3">
              <value>
                <![CDATA[4]]>
              </value>
            </param>
            <param index="4">
              <value>
                <![CDATA[Female]]>
              </value>
            </param>
            <param index="5">
              <value>
                <![CDATA[789654123]]>
              </value>
            </param>
            <param index="6">
              <value>
                <![CDATA[dipali@gmail.com]]>
              </value>
            </param>
            <param index="7">
              <value>
                <![CDATA[12345]]>
              </value>
            </param>
          </params>
          <reporter-output>
          </reporter-output>
        </test-method> <!-- validateSignUpFunctionality -->
        <test-method is-config="true" signature="tearDown()[pri:0, instance:TestLayer.SignUpPageTest@4310d43]" started-at="2024-06-20T09:05:44 IST" name="tearDown" finished-at="2024-06-20T09:05:44 IST" duration-ms="610" status="PASS">
          <reporter-output>
          </reporter-output>
        </test-method> <!-- tearDown -->
      </class> <!-- TestLayer.SignUpPageTest -->
    </test> <!-- Test -->
  </suite> <!-- DigitalLockerApplication -->
</testng-results>
