<?xml version="1.0" encoding="UTF-8"?>
<!-- Generated by org.testng.reporters.JUnitXMLReporter -->
<testsuite ignored="0" hostname="Praful" failures="0" tests="4" name="End to End Test Cases" time="46.426" errors="0" timestamp="2024-06-01T20:57:15 IST">
  <testcase classname="TestLayer.InsuranceSignUpAndLoginTest" name="signUpFunctionalityTest" time="10.745"/>
  <testcase classname="TestLayer.InsuranceSignUpAndLoginTest" name="validateLoginFunctionalityTest" time="10.901"/>
  <testcase classname="TestLayer.InsuranceSignUpAndLoginTest" name="validateProfileFunctionality" time="0.184"/>
  <testcase classname="TestLayer.InsuranceSignUpAndLoginTest" name="validateLogoutFunctionality" time="1.386"/>
</testsuite> <!-- End to End Test Cases -->
