<?xml version="1.0" encoding="UTF-8"?>
<testng-results ignored="0" total="4" passed="4" failed="0" skipped="0">
  <reporter-output>
  </reporter-output>
  <suite started-at="2024-06-04T11:59:47 IST" name="Default suite" finished-at="2024-06-04T12:01:04 IST" duration-ms="77203">
    <groups>
    </groups>
    <test started-at="2024-06-04T11:59:47 IST" name="Default test" finished-at="2024-06-04T12:01:04 IST" duration-ms="77203">
      <class name="TestLayer.InsuranceSignUpAndLoginTest">
        <test-method is-config="true" signature="setUp()[pri:0, instance:TestLayer.InsuranceSignUpAndLoginTest@6392827e]" started-at="2024-06-04T11:59:47 IST" name="setUp" finished-at="2024-06-04T12:00:09 IST" duration-ms="22617" status="PASS">
          <reporter-output>
          </reporter-output>
        </test-method> <!-- setUp -->
        <test-method signature="signUpFunctionalityTest()[pri:1, instance:TestLayer.InsuranceSignUpAndLoginTest@6392827e]" started-at="2024-06-04T12:00:09 IST" name="signUpFunctionalityTest" finished-at="2024-06-04T12:00:25 IST" duration-ms="15743" status="PASS">
          <reporter-output>
          </reporter-output>
        </test-method> <!-- signUpFunctionalityTest -->
        <test-method is-config="true" signature="abc()[pri:0, instance:TestLayer.InsuranceSignUpAndLoginTest@6392827e]" started-at="2024-06-04T12:00:25 IST" name="abc" finished-at="2024-06-04T12:00:30 IST" duration-ms="5004" status="PASS">
          <reporter-output>
          </reporter-output>
        </test-method> <!-- abc -->
        <test-method signature="validateLoginFunctionalityTest()[pri:2, instance:TestLayer.InsuranceSignUpAndLoginTest@6392827e]" started-at="2024-06-04T12:00:30 IST" name="validateLoginFunctionalityTest" finished-at="2024-06-04T12:00:46 IST" duration-ms="15580" status="PASS">
          <reporter-output>
          </reporter-output>
        </test-method> <!-- validateLoginFunctionalityTest -->
        <test-method is-config="true" signature="abc()[pri:0, instance:TestLayer.InsuranceSignUpAndLoginTest@6392827e]" started-at="2024-06-04T12:00:46 IST" name="abc" finished-at="2024-06-04T12:00:51 IST" duration-ms="5003" status="PASS">
          <reporter-output>
          </reporter-output>
        </test-method> <!-- abc -->
        <test-method signature="validateProfileFunctionality()[pri:3, instance:TestLayer.InsuranceSignUpAndLoginTest@6392827e]" started-at="2024-06-04T12:00:51 IST" name="validateProfileFunctionality" finished-at="2024-06-04T12:00:51 IST" duration-ms="158" status="PASS">
          <reporter-output>
          </reporter-output>
        </test-method> <!-- validateProfileFunctionality -->
        <test-method is-config="true" signature="abc()[pri:0, instance:TestLayer.InsuranceSignUpAndLoginTest@6392827e]" started-at="2024-06-04T12:00:51 IST" name="abc" finished-at="2024-06-04T12:00:56 IST" duration-ms="5002" status="PASS">
          <reporter-output>
          </reporter-output>
        </test-method> <!-- abc -->
        <test-method signature="validateLogoutFunctionality()[pri:4, instance:TestLayer.InsuranceSignUpAndLoginTest@6392827e]" started-at="2024-06-04T12:00:56 IST" name="validateLogoutFunctionality" finished-at="2024-06-04T12:00:59 IST" duration-ms="2952" status="PASS">
          <reporter-output>
          </reporter-output>
        </test-method> <!-- validateLogoutFunctionality -->
        <test-method is-config="true" signature="abc()[pri:0, instance:TestLayer.InsuranceSignUpAndLoginTest@6392827e]" started-at="2024-06-04T12:00:59 IST" name="abc" finished-at="2024-06-04T12:01:04 IST" duration-ms="5006" status="PASS">
          <reporter-output>
          </reporter-output>
        </test-method> <!-- abc -->
        <test-method is-config="true" signature="tearDown()[pri:0, instance:TestLayer.InsuranceSignUpAndLoginTest@6392827e]" started-at="2024-06-04T12:01:04 IST" name="tearDown" finished-at="2024-06-04T12:01:04 IST" duration-ms="0" status="PASS">
          <reporter-output>
          </reporter-output>
        </test-method> <!-- tearDown -->
      </class> <!-- TestLayer.InsuranceSignUpAndLoginTest -->
    </test> <!-- Default test -->
  </suite> <!-- Default suite -->
</testng-results>
