<?xml version="1.0" encoding="UTF-8"?>
<testng-results ignored="0" total="8" passed="8" failed="0" skipped="0">
  <reporter-output>
  </reporter-output>
  <suite started-at="2024-06-20T16:41:00 IST" name="SauceDemo Application" finished-at="2024-06-20T16:41:08 IST" duration-ms="8111">
    <groups>
    </groups>
    <test started-at="2024-06-20T16:41:00 IST" name="End To End" finished-at="2024-06-20T16:41:08 IST" duration-ms="8111">
      <class name="TestLayer.AddPersonalInformationPageTest">
        <test-method signature="validatecheckoutPage()[pri:1, instance:TestLayer.AddPersonalInformationPageTest@4c1909a3]" started-at="2024-06-20T16:41:06 IST" name="validatecheckoutPage" finished-at="2024-06-20T16:41:06 IST" duration-ms="4" status="PASS">
          <reporter-output>
          </reporter-output>
        </test-method> <!-- validatecheckoutPage -->
        <test-method signature="addPersonalInformation()[pri:2, instance:TestLayer.AddPersonalInformationPageTest@4c1909a3]" started-at="2024-06-20T16:41:06 IST" name="addPersonalInformation" finished-at="2024-06-20T16:41:07 IST" duration-ms="327" status="PASS">
          <reporter-output>
          </reporter-output>
        </test-method> <!-- addPersonalInformation -->
      </class> <!-- TestLayer.AddPersonalInformationPageTest -->
      <class name="TestLayer.AddToCartPageTest">
        <test-method signature="validateHomePageTitle()[pri:1, instance:TestLayer.AddToCartPageTest@4b0d79fc]" started-at="2024-06-20T16:41:05 IST" name="validateHomePageTitle" finished-at="2024-06-20T16:41:05 IST" duration-ms="7" status="PASS">
          <reporter-output>
          </reporter-output>
        </test-method> <!-- validateHomePageTitle -->
        <test-method signature="validateHomePageURL()[pri:2, instance:TestLayer.AddToCartPageTest@4b0d79fc]" started-at="2024-06-20T16:41:05 IST" name="validateHomePageURL" finished-at="2024-06-20T16:41:05 IST" duration-ms="6" status="PASS">
          <reporter-output>
          </reporter-output>
        </test-method> <!-- validateHomePageURL -->
        <test-method signature="validateAddToCartFunctionality()[pri:3, instance:TestLayer.AddToCartPageTest@4b0d79fc]" started-at="2024-06-20T16:41:06 IST" name="validateAddToCartFunctionality" finished-at="2024-06-20T16:41:06 IST" duration-ms="421" status="PASS">
          <reporter-output>
          </reporter-output>
        </test-method> <!-- validateAddToCartFunctionality -->
      </class> <!-- TestLayer.AddToCartPageTest -->
      <class name="TestLayer.LoginPageTest">
        <test-method is-config="true" signature="setUp(java.lang.String)[pri:0, instance:TestLayer.LoginPageTest@26e356f0]" started-at="2024-06-20T16:41:00 IST" name="setUp" finished-at="2024-06-20T16:41:02 IST" duration-ms="1778" status="PASS">
          <params>
            <param index="0">
              <value>
                <![CDATA[chrome]]>
              </value>
            </param>
          </params>
          <reporter-output>
          </reporter-output>
        </test-method> <!-- setUp -->
        <test-method signature="validateLoginFunctionality()[pri:1, instance:TestLayer.LoginPageTest@26e356f0]" started-at="2024-06-20T16:41:02 IST" name="validateLoginFunctionality" finished-at="2024-06-20T16:41:05 IST" duration-ms="3306" status="PASS">
          <reporter-output>
          </reporter-output>
        </test-method> <!-- validateLoginFunctionality -->
        <test-method is-config="true" signature="teardown()[pri:0, instance:TestLayer.LoginPageTest@26e356f0]" started-at="2024-06-20T16:41:08 IST" name="teardown" finished-at="2024-06-20T16:41:08 IST" duration-ms="162" status="PASS">
          <reporter-output>
          </reporter-output>
        </test-method> <!-- teardown -->
      </class> <!-- TestLayer.LoginPageTest -->
      <class name="TestLayer.OrderSuccessPageTest">
        <test-method signature="validateSuccessMessage()[pri:1, instance:TestLayer.OrderSuccessPageTest@2d710f1a]" started-at="2024-06-20T16:41:07 IST" name="validateSuccessMessage" finished-at="2024-06-20T16:41:07 IST" duration-ms="19" status="PASS">
          <reporter-output>
          </reporter-output>
        </test-method> <!-- validateSuccessMessage -->
        <test-method signature="validateLogOutFunctionality()[pri:2, instance:TestLayer.OrderSuccessPageTest@2d710f1a]" started-at="2024-06-20T16:41:07 IST" name="validateLogOutFunctionality" finished-at="2024-06-20T16:41:07 IST" duration-ms="747" status="PASS">
          <reporter-output>
          </reporter-output>
        </test-method> <!-- validateLogOutFunctionality -->
      </class> <!-- TestLayer.OrderSuccessPageTest -->
    </test> <!-- End To End -->
  </suite> <!-- SauceDemo Application -->
</testng-results>
