<?xml version="1.0" encoding="UTF-8"?>
<!-- Generated by org.testng.reporters.JUnitXMLReporter -->
<testsuite ignored="2" hostname="Praful" failures="0" tests="7" name="Test" time="45.391" errors="0" timestamp="2024-06-10T20:57:08 IST">
  <testcase classname="TestLayer.LoginPageTest" name="loginFunctionality" time="6.477"/>
  <testcase classname="TestLayer.HomePageTest" name="validateHomePageTitle" time="0.025"/>
  <testcase classname="TestLayer.HomePageTest" name="validateHomePageUrl" time="0.011"/>
  <testcase classname="TestLayer.HomePageTest" name="validateHomePageLogo" time="0.371"/>
  <testcase classname="TestLayer.PIMPageTest" name="validateUserOnPIMPage" time="6.495"/>
  <testcase classname="TestLayer.PIMPageTest" name="addNewUserInPIMPage" time="15.947"/>
  <testcase classname="TestLayer.PIMPageTest" name="searchUserInPIMPage" time="11.425"/>
  <testcase classname="TestLayer.AdminPageTest" name="validateUserOnAdminPage" time="0.0">
    <ignored/>
  </testcase> <!-- validateUserOnAdminPage -->
  <testcase classname="TestLayer.AdminPageTest" name="createUserCredentails" time="0.0">
    <ignored/>
  </testcase> <!-- createUserCredentails -->
</testsuite> <!-- Test -->
