<?xml version="1.0" encoding="UTF-8"?>
<testsuite xmlns:xsi="http://www.w3.org/2001/XMLSchema-instance" xsi:noNamespaceSchemaLocation="https://maven.apache.org/surefire/maven-surefire-plugin/xsd/surefire-test-report.xsd" version="3.0.1" name="TestSuite" time="12.628" tests="7" errors="0" skipped="0" failures="0">
  <properties>
[...]
</properties>
  <testcase name="validateLoginFunctionality" classname="TestLayer.FacebookTest" time="0.43">
    <system-err><![CDATA[Jun 30, 2024 9:03:14 AM org.openqa.selenium.devtools.CdpVersionFinder findNearestMatch
WARNING: Unable to find CDP implementation matching 126
Jun 30, 2024 9:03:14 AM org.openqa.selenium.chromium.ChromiumDriver lambda$new$5
WARNING: Unable to find version of CDP to use for 126.0.6478.127. You may need to include a dependency on a specific version of the CDP using something similar to `org.seleniumhq.selenium:selenium-devtools-v86:4.16.1` where the version ("v86") matches the version of the chromium-based browser you're using and the version number of the artifact is the same as Selenium's.
Jun 30, 2024 9:03:16 AM org.openqa.selenium.devtools.CdpVersionFinder findNearestMatch
WARNING: Unable to find CDP implementation matching 126
Jun 30, 2024 9:03:16 AM org.openqa.selenium.chromium.ChromiumDriver lambda$new$5
WARNING: Unable to find version of CDP to use for 126.0.6478.127. You may need to include a dependency on a specific version of the CDP using something similar to `org.seleniumhq.selenium:selenium-devtools-v86:4.16.1` where the version ("v86") matches the version of the chromium-based browser you're using and the version number of the artifact is the same as Selenium's.
]]></system-err>
  </testcase>
  <testcase name="validateHomePageTitle" classname="TestLayer.FacebookTest" time="0.014"/>
  <testcase name="validateHomePageUrl" classname="TestLayer.FacebookTest" time="0.038"/>
  <testcase name="validateLoginFunctionality" classname="TestLayer.HomePageTest" time="4.221"/>
  <testcase name="validateHomePageTitle" classname="TestLayer.HomePageTest" time="0.007"/>
  <testcase name="validateHomePageUrl" classname="TestLayer.HomePageTest" time="0.014"/>
  <testcase name="validatePIMPageURl" classname="TestLayer.HomePageTest" time="1.737"/>
</testsuite>