<?xml version="1.0" encoding="UTF-8"?>
<!-- Generated by org.testng.reporters.JUnitXMLReporter -->
<testsuite ignored="0" hostname="LAPTOP-DB54UFPV" failures="0" tests="13" name="Test1" time="162.417" errors="0" timestamp="2024-06-21T08:46:47 IST">
  <testcase classname="TestLayer.LoginPageTest" name="validateLoginFunctionality" time="0.86"/>
  <testcase classname="TestLayer.HomePageTest" name="validateHomePageTitle" time="0.133"/>
  <testcase classname="TestLayer.HomePageTest" name="validateHomePageUrl" time="0.025"/>
  <testcase classname="TestLayer.HomePageTest" name="validateHomePageLogo" time="0.043"/>
  <testcase classname="TestLayer.PimPageTest" name="validatePimUrl" time="0.889"/>
  <testcase classname="TestLayer.PimPageTest" name="validatePimPageFunctionality" time="23.592"/>
  <testcase classname="TestLayer.PimPageTest" name="validatePimPageFunctionality" time="22.559"/>
  <testcase classname="TestLayer.PimPageTest" name="validatePimPageFunctionality" time="23.165"/>
  <testcase classname="TestLayer.PimPageTest" name="validatePimPageFunctionality" time="23.482"/>
  <testcase classname="TestLayer.PimPageTest" name="validatePimPageFunctionality" time="23.193"/>
  <testcase classname="TestLayer.PimPageTest" name="validatePimPageFunctionality" time="23.389"/>
  <testcase classname="TestLayer.AdminPageTest" name="validateCaptureCurrentUrl" time="0.943"/>
  <testcase classname="TestLayer.AdminPageTest" name="validateLogoutFunctionality" time="1.652"/>
</testsuite> <!-- Test1 -->
