<?xml version="1.0" encoding="UTF-8"?>
<testng-results ignored="0" total="1" passed="1" failed="0" skipped="0">
  <reporter-output>
  </reporter-output>
  <suite started-at="2024-06-12T15:19:00 IST" name="Default suite" finished-at="2024-06-12T15:19:18 IST" duration-ms="17709">
    <groups>
      <group name="End2EndTesting">
        <method signature="LoginPageTest.loginFunctionality()[pri:0, instance:TestLayer.LoginPageTest@6fd83fc1]" name="loginFunctionality" class="TestLayer.LoginPageTest"/>
      </group> <!-- End2EndTesting -->
      <group name="PIMPage">
        <method signature="LoginPageTest.loginFunctionality()[pri:0, instance:TestLayer.LoginPageTest@6fd83fc1]" name="loginFunctionality" class="TestLayer.LoginPageTest"/>
      </group> <!-- PIMPage -->
      <group name="LoginPage">
        <method signature="LoginPageTest.loginFunctionality()[pri:0, instance:TestLayer.LoginPageTest@6fd83fc1]" name="loginFunctionality" class="TestLayer.LoginPageTest"/>
      </group> <!-- LoginPage -->
    </groups>
    <test started-at="2024-06-12T15:19:00 IST" name="Default test" finished-at="2024-06-12T15:19:18 IST" duration-ms="17709">
      <class name="TestLayer.LoginPageTest">
        <test-method is-config="true" signature="setUp()[pri:0, instance:TestLayer.LoginPageTest@6fd83fc1]" started-at="2024-06-12T15:19:00 IST" name="setUp" finished-at="2024-06-12T15:19:11 IST" duration-ms="11407" status="PASS">
          <reporter-output>
          </reporter-output>
        </test-method> <!-- setUp -->
        <test-method signature="loginFunctionality()[pri:0, instance:TestLayer.LoginPageTest@6fd83fc1]" started-at="2024-06-12T15:19:11 IST" name="loginFunctionality" finished-at="2024-06-12T15:19:17 IST" duration-ms="5319" status="PASS">
          <reporter-output>
          </reporter-output>
        </test-method> <!-- loginFunctionality -->
        <test-method is-config="true" signature="tearDown()[pri:0, instance:TestLayer.LoginPageTest@6fd83fc1]" started-at="2024-06-12T15:19:17 IST" name="tearDown" finished-at="2024-06-12T15:19:18 IST" duration-ms="911" status="PASS">
          <reporter-output>
          </reporter-output>
        </test-method> <!-- tearDown -->
      </class> <!-- TestLayer.LoginPageTest -->
    </test> <!-- Default test -->
  </suite> <!-- Default suite -->
</testng-results>
