<?xml version="1.0" encoding="UTF-8"?>
<!-- Generated by org.testng.reporters.JUnitXMLReporter -->
<testsuite ignored="0" hostname="Praful" failures="0" tests="7" name="Surefire test" time="12.166" errors="0" timestamp="2024-06-30T09:03:24 IST">
  <testcase classname="TestLayer.FacebookTest" name="validateLoginFunctionality" time="0.43"/>
  <testcase classname="TestLayer.FacebookTest" name="validateHomePageTitle" time="0.016"/>
  <testcase classname="TestLayer.FacebookTest" name="validateHomePageUrl" time="0.038"/>
  <testcase classname="TestLayer.HomePageTest" name="validateLoginFunctionality" time="4.221"/>
  <testcase classname="TestLayer.HomePageTest" name="validateHomePageTitle" time="0.007"/>
  <testcase classname="TestLayer.HomePageTest" name="validateHomePageUrl" time="0.014"/>
  <testcase classname="TestLayer.HomePageTest" name="validatePIMPageURl" time="1.734"/>
</testsuite> <!-- Surefire test -->
