<?xml version="1.0" encoding="UTF-8"?>
<testng-results ignored="0" total="3" passed="3" failed="0" skipped="0">
  <reporter-output>
  </reporter-output>
  <suite started-at="2024-06-28T09:07:05 IST" name="Default suite" finished-at="2024-06-28T09:07:57 IST" duration-ms="51439">
    <groups>
      <group name="cucumber">
        <method signature="AbstractTestNGCucumberTests.runScenario(io.cucumber.testng.PickleWrapper,io.cucumber.testng.FeatureWrapper)[pri:0, instance:TestRunner.RunnerTest@409bf450]" name="runScenario" class="io.cucumber.testng.AbstractTestNGCucumberTests"/>
      </group> <!-- cucumber -->
    </groups>
    <test started-at="2024-06-28T09:07:05 IST" name="Default test" finished-at="2024-06-28T09:07:57 IST" duration-ms="51439">
      <class name="TestRunner.RunnerTest">
        <test-method is-config="true" signature="setUpClass(org.testng.ITestContext)[pri:0, instance:TestRunner.RunnerTest@409bf450]" started-at="2024-06-28T09:07:05 IST" name="setUpClass" finished-at="2024-06-28T09:07:06 IST" duration-ms="507" status="PASS">
          <params>
            <param index="0">
              <value>
                <![CDATA[org.testng.TestRunner@5fef0c19]]>
              </value>
            </param>
          </params>
          <reporter-output>
          </reporter-output>
        </test-method> <!-- setUpClass -->
        <test-method signature="runScenario(io.cucumber.testng.PickleWrapper,io.cucumber.testng.FeatureWrapper)[pri:0, instance:TestRunner.RunnerTest@409bf450]" started-at="2024-06-28T09:07:06 IST" name="runScenario" description="Runs Cucumber Scenarios" data-provider="scenarios" finished-at="2024-06-28T09:07:22 IST" duration-ms="16541" status="PASS">
          <params>
            <param index="0">
              <value>
                <![CDATA["Validate login functionality"]]>
              </value>
            </param>
            <param index="1">
              <value>
                <![CDATA["Test Orange HRM End to End PIM Page Functionality"]]>
              </value>
            </param>
          </params>
          <reporter-output>
          </reporter-output>
        </test-method> <!-- runScenario -->
        <test-method signature="runScenario(io.cucumber.testng.PickleWrapper,io.cucumber.testng.FeatureWrapper)[pri:0, instance:TestRunner.RunnerTest@409bf450]" started-at="2024-06-28T09:07:22 IST" name="runScenario" description="Runs Cucumber Scenarios" data-provider="scenarios" finished-at="2024-06-28T09:07:31 IST" duration-ms="8620" status="PASS">
          <params>
            <param index="0">
              <value>
                <![CDATA["Validate Home Page Functionality"]]>
              </value>
            </param>
            <param index="1">
              <value>
                <![CDATA["Test Orange HRM End to End PIM Page Functionality"]]>
              </value>
            </param>
          </params>
          <reporter-output>
          </reporter-output>
        </test-method> <!-- runScenario -->
        <test-method signature="runScenario(io.cucumber.testng.PickleWrapper,io.cucumber.testng.FeatureWrapper)[pri:0, instance:TestRunner.RunnerTest@409bf450]" started-at="2024-06-28T09:07:31 IST" name="runScenario" description="Runs Cucumber Scenarios" data-provider="scenarios" finished-at="2024-06-28T09:07:50 IST" duration-ms="18813" status="PASS">
          <params>
            <param index="0">
              <value>
                <![CDATA["validate PIM Page Functionality"]]>
              </value>
            </param>
            <param index="1">
              <value>
                <![CDATA["Test Orange HRM End to End PIM Page Functionality"]]>
              </value>
            </param>
          </params>
          <reporter-output>
          </reporter-output>
        </test-method> <!-- runScenario -->
        <test-method is-config="true" signature="tearDownClass()[pri:0, instance:TestRunner.RunnerTest@409bf450]" started-at="2024-06-28T09:07:50 IST" name="tearDownClass" finished-at="2024-06-28T09:07:57 IST" duration-ms="6915" status="PASS">
          <reporter-output>
          </reporter-output>
        </test-method> <!-- tearDownClass -->
      </class> <!-- TestRunner.RunnerTest -->
    </test> <!-- Default test -->
  </suite> <!-- Default suite -->
</testng-results>
